[2021/12/08 16:51:34.046] - Starting server with initial configuration: {"gasLimit":6721975,"gasPrice":20000000000,"hardfork":"muirGlacier","hostname":"127.0.0.1","port":7545,"network_id":5777,"default_balance_ether":250,"total_accounts":10,"unlocked_accounts":[],"locked":false,"vmErrorsOnRPCResponse":true,"verbose":false,"db_path":"/Users/jeanflores/Library/Application Support/Ganache/workspaces/tokens-nft/chaindata","logDirectory":"/Users/jeanflores/Desktop/udemy/crea_dapps_con_tokens_nft_en_ethereum_usando_truffle_y_react/logs"}
[2021/12/08 16:51:34.215] - eth_subscribe
[2021/12/08 16:51:34.216] - eth_getLogs
[2021/12/08 16:51:34.216] - eth_subscribe
[2021/12/08 16:51:34.238] - eth_subscribe
[2021/12/08 16:51:34.238] - eth_getLogs
[2021/12/08 16:51:34.239] - eth_subscribe
[2021/12/08 16:51:34.287] - eth_blockNumber
[2021/12/08 16:51:34.287] - eth_accounts
[2021/12/08 16:51:34.287] - eth_gasPrice
[2021/12/08 16:51:34.288] - eth_getBlockByNumber
[2021/12/08 16:51:34.288] - eth_subscribe
[2021/12/08 16:51:34.328] - eth_getBalance
[2021/12/08 16:51:34.333] - eth_getTransactionCount
[2021/12/08 16:51:34.335] - eth_getBalance
[2021/12/08 16:51:34.338] - eth_getTransactionCount
[2021/12/08 16:51:34.342] - eth_getBalance
[2021/12/08 16:51:34.345] - eth_getTransactionCount
[2021/12/08 16:51:34.347] - eth_getBalance
[2021/12/08 16:51:34.350] - eth_getTransactionCount
[2021/12/08 16:51:34.353] - eth_getBalance
[2021/12/08 16:51:34.355] - eth_getTransactionCount
[2021/12/08 16:51:34.359] - eth_getBalance
[2021/12/08 16:51:34.361] - eth_getTransactionCount
[2021/12/08 16:51:34.362] - eth_getBalance
[2021/12/08 16:51:34.364] - eth_getTransactionCount
[2021/12/08 16:51:34.367] - eth_getBalance
[2021/12/08 16:51:34.369] - eth_getTransactionCount
[2021/12/08 16:51:34.373] - eth_getBalance
[2021/12/08 16:51:34.375] - eth_getTransactionCount
[2021/12/08 16:51:34.376] - eth_getBalance
[2021/12/08 16:51:34.380] - eth_getTransactionCount
[2021/12/08 16:51:34.383] - eth_getBalance
[2021/12/08 16:51:34.384] - eth_getTransactionCount
[2021/12/08 16:51:34.385] - eth_getBalance
[2021/12/08 16:51:34.389] - eth_getTransactionCount
[2021/12/08 16:51:34.391] - eth_getBalance
[2021/12/08 16:51:34.391] - eth_getTransactionCount
[2021/12/08 16:51:34.398] - eth_getBalance
[2021/12/08 16:51:34.399] - eth_getTransactionCount
[2021/12/08 16:51:34.399] - eth_getBalance
[2021/12/08 16:51:34.399] - eth_getTransactionCount
[2021/12/08 16:51:34.399] - eth_getBalance
[2021/12/08 16:51:34.402] - eth_getTransactionCount
[2021/12/08 16:51:34.404] - eth_getBalance
[2021/12/08 16:51:34.405] - eth_getTransactionCount
[2021/12/08 16:51:34.406] - eth_getBalance
[2021/12/08 16:51:34.407] - eth_getTransactionCount
[2021/12/08 16:51:34.408] - eth_getBalance
[2021/12/08 16:51:34.410] - eth_getTransactionCount
[2021/12/08 16:51:34.411] - eth_getBalance
[2021/12/08 16:51:34.412] - eth_getTransactionCount
[2021/12/08 16:51:34.464] - eth_blockNumber
[2021/12/08 16:51:34.464] - eth_accounts
[2021/12/08 16:51:34.464] - eth_gasPrice
[2021/12/08 16:51:34.465] - eth_getBlockByNumber
[2021/12/08 16:51:34.465] - eth_subscribe
[2021/12/08 16:51:34.727] - eth_getBalance
[2021/12/08 16:51:34.730] - eth_getTransactionCount
[2021/12/08 16:51:34.731] - eth_getBalance
[2021/12/08 16:51:34.733] - eth_getTransactionCount
[2021/12/08 16:51:34.739] - eth_getBalance
[2021/12/08 16:51:34.742] - eth_getTransactionCount
[2021/12/08 16:51:34.745] - eth_getBalance
[2021/12/08 16:51:34.754] - eth_getTransactionCount
[2021/12/08 16:51:34.757] - eth_getBalance
[2021/12/08 16:51:34.758] - eth_getTransactionCount
[2021/12/08 16:51:34.762] - eth_getBalance
[2021/12/08 16:51:34.765] - eth_getTransactionCount
[2021/12/08 16:51:34.767] - eth_getBalance
[2021/12/08 16:51:34.768] - eth_getTransactionCount
[2021/12/08 16:51:34.771] - eth_getBalance
[2021/12/08 16:51:34.772] - eth_getTransactionCount
[2021/12/08 16:51:34.772] - eth_getBalance
[2021/12/08 16:51:34.772] - eth_getTransactionCount
[2021/12/08 16:51:34.773] - eth_getBalance
[2021/12/08 16:51:34.774] - eth_getTransactionCount
[2021/12/08 16:51:34.775] - eth_getBalance
[2021/12/08 16:51:34.776] - eth_getTransactionCount
[2021/12/08 16:51:34.777] - eth_getBalance
[2021/12/08 16:51:34.780] - eth_getTransactionCount
[2021/12/08 16:51:34.782] - eth_getBalance
[2021/12/08 16:51:34.783] - eth_getTransactionCount
[2021/12/08 16:51:34.785] - eth_getBalance
[2021/12/08 16:51:34.786] - eth_getTransactionCount
[2021/12/08 16:51:34.787] - eth_getBalance
[2021/12/08 16:51:34.788] - eth_getTransactionCount
[2021/12/08 16:51:34.793] - eth_getBalance
[2021/12/08 16:51:34.794] - eth_getTransactionCount
[2021/12/08 16:51:34.794] - eth_getBalance
[2021/12/08 16:51:34.795] - eth_getTransactionCount
[2021/12/08 16:51:34.797] - eth_getBalance
[2021/12/08 16:51:34.800] - eth_getTransactionCount
[2021/12/08 16:51:34.801] - eth_getBalance
[2021/12/08 16:51:34.803] - eth_getTransactionCount
[2021/12/08 16:51:34.804] - eth_getBalance
[2021/12/08 16:51:34.813] - eth_getTransactionCount
[2021/12/08 16:51:56.921] - eth_chainId
[2021/12/08 16:52:22.733] - eth_chainId
[2021/12/08 16:52:22.783] - eth_blockNumber
[2021/12/08 16:52:22.786] - net_version
[2021/12/08 16:52:22.825] - eth_getBalance
[2021/12/08 16:52:22.826] - eth_getBlockByNumber
[2021/12/08 16:52:23.075] - eth_blockNumber
[2021/12/08 16:52:42.906] - eth_blockNumber
[2021/12/08 16:53:02.915] - eth_blockNumber
[2021/12/08 16:53:05.451] - eth_getBalance
[2021/12/08 16:53:22.929] - eth_blockNumber
[2021/12/08 16:53:42.940] - eth_blockNumber
[2021/12/08 16:54:02.953] - eth_blockNumber
[2021/12/08 16:54:22.964] - eth_blockNumber
[2021/12/08 16:54:42.973] - eth_blockNumber
[2021/12/08 16:55:02.983] - eth_blockNumber
[2021/12/08 16:55:22.993] - eth_blockNumber
[2021/12/08 16:55:43.005] - eth_blockNumber
[2021/12/08 16:56:03.016] - eth_blockNumber
[2021/12/08 16:56:23.027] - eth_blockNumber
[2021/12/08 16:56:43.038] - eth_blockNumber
[2021/12/08 16:57:03.051] - eth_blockNumber
[2021/12/08 16:57:23.060] - eth_blockNumber
[2021/12/08 16:57:43.072] - eth_blockNumber
[2021/12/08 16:58:03.087] - eth_blockNumber
[2021/12/08 16:58:23.096] - eth_blockNumber
[2021/12/08 16:58:43.106] - eth_blockNumber
[2021/12/08 16:59:03.119] - eth_blockNumber
[2021/12/08 16:59:23.131] - eth_blockNumber
[2021/12/08 16:59:43.139] - eth_blockNumber
[2021/12/08 17:00:03.148] - eth_blockNumber
[2021/12/08 17:00:23.160] - eth_blockNumber
[2021/12/08 17:00:43.172] - eth_blockNumber
[2021/12/08 17:01:03.181] - eth_blockNumber
[2021/12/08 17:01:23.190] - eth_blockNumber
[2021/12/08 17:01:43.200] - eth_blockNumber
[2021/12/08 17:02:03.209] - eth_blockNumber
[2021/12/08 17:02:23.221] - eth_blockNumber
[2021/12/08 17:02:43.231] - eth_blockNumber
[2021/12/08 17:03:03.240] - eth_blockNumber
[2021/12/08 17:03:23.251] - eth_blockNumber
[2021/12/08 17:03:43.265] - eth_blockNumber
[2021/12/08 17:04:03.278] - eth_blockNumber
[2021/12/08 17:04:23.289] - eth_blockNumber
[2021/12/08 17:04:43.302] - eth_blockNumber
[2021/12/08 17:05:03.319] - eth_blockNumber
[2021/12/08 17:05:23.335] - eth_blockNumber
[2021/12/08 17:05:43.344] - eth_blockNumber
[2021/12/08 17:06:03.356] - eth_blockNumber
[2021/12/08 17:06:23.364] - eth_blockNumber
[2021/12/08 17:06:43.372] - eth_blockNumber
[2021/12/08 17:07:03.383] - eth_blockNumber
[2021/12/08 17:07:23.391] - eth_blockNumber
[2021/12/08 17:07:43.404] - eth_blockNumber
[2021/12/08 17:08:03.448] - eth_blockNumber
[2021/12/08 17:08:23.472] - eth_blockNumber
[2021/12/08 17:08:43.487] - eth_blockNumber
[2021/12/08 17:09:03.502] - eth_blockNumber
[2021/12/08 17:09:23.511] - eth_blockNumber
[2021/12/08 17:09:43.525] - eth_blockNumber
[2021/12/08 17:10:03.536] - eth_blockNumber
[2021/12/08 17:10:23.549] - eth_blockNumber
[2021/12/08 17:10:43.563] - eth_blockNumber
[2021/12/08 17:11:03.573] - eth_blockNumber
[2021/12/08 17:11:23.583] - eth_blockNumber
[2021/12/08 17:11:43.593] - eth_blockNumber
[2021/12/08 17:12:03.606] - eth_blockNumber
[2021/12/08 17:12:23.616] - eth_blockNumber
[2021/12/08 17:12:43.630] - eth_blockNumber
[2021/12/08 17:13:03.641] - eth_blockNumber
[2021/12/08 17:13:23.650] - eth_blockNumber
[2021/12/08 17:13:43.659] - eth_blockNumber
[2021/12/08 17:14:03.669] - eth_blockNumber
[2021/12/08 17:14:23.677] - eth_blockNumber
[2021/12/08 17:14:43.687] - eth_blockNumber
[2021/12/08 17:15:03.697] - eth_blockNumber
[2021/12/08 17:15:23.710] - eth_blockNumber
[2021/12/08 17:15:43.721] - eth_blockNumber
[2021/12/08 17:16:03.730] - eth_blockNumber
[2021/12/08 17:16:23.742] - eth_blockNumber
[2021/12/08 17:16:43.754] - eth_blockNumber
[2021/12/08 17:17:03.765] - eth_blockNumber
[2021/12/08 17:17:23.776] - eth_blockNumber
[2021/12/08 17:17:43.786] - eth_blockNumber
[2021/12/08 17:18:03.795] - eth_blockNumber
[2021/12/08 17:18:23.808] - eth_blockNumber
[2021/12/08 17:18:43.819] - eth_blockNumber
[2021/12/08 17:19:03.830] - eth_blockNumber
[2021/12/08 17:19:23.844] - eth_blockNumber
[2021/12/08 17:19:43.857] - eth_blockNumber
[2021/12/08 17:20:03.865] - eth_blockNumber
[2021/12/08 17:20:23.877] - eth_blockNumber
[2021/12/08 17:20:43.892] - eth_blockNumber
[2021/12/08 17:21:03.902] - eth_blockNumber
[2021/12/08 17:21:23.912] - eth_blockNumber
[2021/12/08 17:21:43.922] - eth_blockNumber
[2021/12/08 17:22:03.936] - eth_blockNumber
[2021/12/08 17:22:23.947] - eth_blockNumber
[2021/12/08 17:22:43.960] - eth_blockNumber
[2021/12/08 17:23:03.981] - eth_blockNumber
[2021/12/08 17:23:23.997] - eth_blockNumber
[2021/12/08 17:23:44.011] - eth_blockNumber
[2021/12/08 17:24:04.022] - eth_blockNumber
[2021/12/08 17:24:24.032] - eth_blockNumber
[2021/12/08 17:24:44.042] - eth_blockNumber
[2021/12/08 17:25:04.075] - eth_blockNumber
[2021/12/08 17:25:24.091] - eth_blockNumber
[2021/12/08 17:25:44.102] - eth_blockNumber
[2021/12/08 17:26:04.114] - eth_blockNumber
[2021/12/08 17:26:24.128] - eth_blockNumber
[2021/12/08 17:26:44.138] - eth_blockNumber
[2021/12/08 17:27:04.149] - eth_blockNumber
[2021/12/08 17:27:24.161] - eth_blockNumber
[2021/12/08 17:27:44.172] - eth_blockNumber
[2021/12/08 17:28:04.183] - eth_blockNumber
[2021/12/08 17:28:24.195] - eth_blockNumber
[2021/12/08 17:28:44.207] - eth_blockNumber
[2021/12/08 17:29:04.218] - eth_blockNumber
[2021/12/08 17:29:24.229] - eth_blockNumber
[2021/12/08 17:29:44.237] - eth_blockNumber
[2021/12/08 17:30:04.265] - eth_blockNumber
[2021/12/08 17:30:24.276] - eth_blockNumber
[2021/12/08 17:30:44.288] - eth_blockNumber
[2021/12/08 17:31:04.299] - eth_blockNumber
[2021/12/08 17:31:24.311] - eth_blockNumber
[2021/12/08 17:31:44.318] - eth_blockNumber
[2021/12/08 17:32:04.328] - eth_blockNumber
[2021/12/08 17:32:24.335] - eth_blockNumber
[2021/12/08 17:32:44.346] - eth_blockNumber
[2021/12/08 17:33:04.357] - eth_blockNumber
[2021/12/08 17:33:24.366] - eth_blockNumber
[2021/12/08 17:33:44.378] - eth_blockNumber
[2021/12/08 17:34:04.387] - eth_blockNumber
[2021/12/08 17:34:24.398] - eth_blockNumber
[2021/12/08 17:34:44.411] - eth_blockNumber
[2021/12/08 17:35:04.423] - eth_blockNumber
[2021/12/08 17:35:24.433] - eth_blockNumber
[2021/12/08 17:35:44.446] - eth_blockNumber
[2021/12/08 17:36:04.459] - eth_blockNumber
[2021/12/08 17:36:24.469] - eth_blockNumber
[2021/12/08 17:36:44.481] - eth_blockNumber
[2021/12/08 17:37:04.493] - eth_blockNumber
[2021/12/08 17:37:24.504] - eth_blockNumber
[2021/12/08 17:37:44.516] - eth_blockNumber
[2021/12/08 17:38:04.533] - eth_blockNumber
[2021/12/08 17:38:24.552] - eth_blockNumber
[2021/12/08 17:38:44.578] - eth_blockNumber
[2021/12/08 17:39:04.593] - eth_blockNumber
[2021/12/08 17:39:24.607] - eth_blockNumber
[2021/12/08 17:39:44.620] - eth_blockNumber
[2021/12/08 17:40:04.632] - eth_blockNumber
[2021/12/08 17:40:24.644] - eth_blockNumber
[2021/12/08 17:40:44.658] - eth_blockNumber
[2021/12/08 17:41:04.674] - eth_blockNumber
[2021/12/08 17:41:24.688] - eth_blockNumber
[2021/12/08 17:41:44.700] - eth_blockNumber
[2021/12/08 17:42:04.711] - eth_blockNumber
[2021/12/08 17:42:24.722] - eth_blockNumber
[2021/12/08 17:42:44.733] - eth_blockNumber
[2021/12/08 17:43:04.745] - eth_blockNumber
[2021/12/08 17:43:24.758] - eth_blockNumber
[2021/12/08 17:43:44.770] - eth_blockNumber
[2021/12/08 17:44:04.783] - eth_blockNumber
[2021/12/08 17:44:24.809] - eth_blockNumber
[2021/12/08 17:44:44.822] - eth_blockNumber
[2021/12/08 17:45:04.835] - eth_blockNumber
[2021/12/08 17:45:24.857] - eth_blockNumber
[2021/12/08 17:45:44.871] - eth_blockNumber
[2021/12/08 17:46:04.885] - eth_blockNumber
[2021/12/08 17:46:24.895] - eth_blockNumber
[2021/12/08 17:46:44.908] - eth_blockNumber
[2021/12/08 17:47:04.918] - eth_blockNumber
[2021/12/08 17:47:24.930] - eth_blockNumber
[2021/12/08 17:47:44.952] - eth_blockNumber
[2021/12/08 17:48:04.964] - eth_blockNumber
[2021/12/08 17:48:24.974] - eth_blockNumber
[2021/12/08 17:48:44.992] - eth_blockNumber
[2021/12/08 17:49:05.004] - eth_blockNumber
[2021/12/08 17:49:25.017] - eth_blockNumber
[2021/12/08 17:49:45.030] - eth_blockNumber
[2021/12/08 17:50:05.043] - eth_blockNumber
[2021/12/08 17:50:25.055] - eth_blockNumber
[2021/12/08 17:50:45.066] - eth_blockNumber
[2021/12/08 17:51:05.081] - eth_blockNumber
[2021/12/08 17:51:25.093] - eth_blockNumber
[2021/12/08 17:51:45.110] - eth_blockNumber
[2021/12/08 17:52:05.121] - eth_blockNumber
[2021/12/08 17:52:25.132] - eth_blockNumber
[2021/12/08 17:52:45.140] - eth_blockNumber
[2021/12/08 17:53:05.094] - eth_blockNumber
[2021/12/08 17:53:25.107] - eth_blockNumber
[2021/12/08 17:53:45.115] - eth_blockNumber
[2021/12/08 17:54:05.128] - eth_blockNumber
[2021/12/08 17:54:25.137] - eth_blockNumber
[2021/12/08 17:54:45.146] - eth_blockNumber
[2021/12/08 17:55:05.158] - eth_blockNumber
[2021/12/08 17:55:25.169] - eth_blockNumber
[2021/12/08 17:55:45.182] - eth_blockNumber
[2021/12/08 17:56:05.194] - eth_blockNumber
[2021/12/08 17:56:25.207] - eth_blockNumber
[2021/12/08 17:56:45.218] - eth_blockNumber
[2021/12/08 17:57:05.232] - eth_blockNumber
[2021/12/08 17:57:25.245] - eth_blockNumber
[2021/12/08 17:57:45.264] - eth_blockNumber
[2021/12/08 17:58:05.278] - eth_blockNumber
[2021/12/08 17:58:25.293] - eth_blockNumber
[2021/12/08 17:58:45.307] - eth_blockNumber
[2021/12/08 17:59:05.322] - eth_blockNumber
[2021/12/08 17:59:25.332] - eth_blockNumber
[2021/12/08 17:59:45.346] - eth_blockNumber
[2021/12/08 18:00:05.361] - eth_blockNumber
[2021/12/08 18:00:25.370] - eth_blockNumber
[2021/12/08 18:00:45.383] - eth_blockNumber
[2021/12/08 18:01:05.394] - eth_blockNumber
[2021/12/08 18:01:25.405] - eth_blockNumber
[2021/12/08 18:01:45.416] - eth_blockNumber
[2021/12/08 18:02:05.425] - eth_blockNumber
[2021/12/08 18:02:25.435] - eth_blockNumber
[2021/12/08 18:02:45.445] - eth_blockNumber
[2021/12/08 18:03:05.460] - eth_blockNumber
[2021/12/08 18:03:25.475] - eth_blockNumber
[2021/12/08 18:03:45.487] - eth_blockNumber
[2021/12/08 18:04:05.499] - eth_blockNumber
[2021/12/08 18:04:25.511] - eth_blockNumber
[2021/12/08 18:04:45.526] - eth_blockNumber
[2021/12/08 18:05:05.539] - eth_blockNumber
[2021/12/08 18:05:25.553] - eth_blockNumber
[2021/12/08 18:05:45.567] - eth_blockNumber
[2021/12/08 18:06:05.577] - eth_blockNumber
[2021/12/08 18:06:25.590] - eth_blockNumber
[2021/12/08 18:06:45.600] - eth_blockNumber
[2021/12/08 18:07:05.611] - eth_blockNumber
[2021/12/08 18:07:25.625] - eth_blockNumber
[2021/12/08 18:07:45.638] - eth_blockNumber
[2021/12/08 18:08:05.649] - eth_blockNumber
[2021/12/08 18:08:25.657] - eth_blockNumber
[2021/12/08 18:08:45.667] - eth_blockNumber
[2021/12/08 18:09:05.681] - eth_blockNumber
[2021/12/08 18:09:25.696] - eth_blockNumber
[2021/12/08 18:09:45.709] - eth_blockNumber
[2021/12/08 18:10:05.723] - eth_blockNumber
[2021/12/08 18:10:25.736] - eth_blockNumber
[2021/12/08 18:10:45.747] - eth_blockNumber
[2021/12/08 18:11:05.768] - eth_blockNumber
[2021/12/08 18:11:25.783] - eth_blockNumber
[2021/12/08 18:11:45.801] - eth_blockNumber
[2021/12/08 18:12:05.815] - eth_blockNumber
[2021/12/08 18:12:25.829] - eth_blockNumber
[2021/12/08 18:12:45.841] - eth_blockNumber
[2021/12/08 18:13:05.852] - eth_blockNumber
[2021/12/08 18:13:25.862] - eth_blockNumber
[2021/12/08 18:13:45.873] - eth_blockNumber
[2021/12/08 18:14:05.884] - eth_blockNumber
[2021/12/08 18:14:25.896] - eth_blockNumber
[2021/12/08 18:14:45.905] - eth_blockNumber
[2021/12/08 18:15:05.915] - eth_blockNumber
[2021/12/08 18:15:25.930] - eth_blockNumber
[2021/12/08 18:15:45.940] - eth_blockNumber
[2021/12/08 18:16:05.950] - eth_blockNumber
[2021/12/08 18:16:25.964] - eth_blockNumber
[2021/12/08 18:16:45.972] - eth_blockNumber
[2021/12/08 18:17:05.981] - eth_blockNumber
[2021/12/08 18:17:25.994] - eth_blockNumber
[2021/12/08 18:17:46.006] - eth_blockNumber
[2021/12/08 18:18:06.017] - eth_blockNumber
[2021/12/08 18:18:26.030] - eth_blockNumber
[2021/12/08 18:18:46.044] - eth_blockNumber
[2021/12/08 18:19:06.053] - eth_blockNumber
[2021/12/08 18:19:26.065] - eth_blockNumber
[2021/12/08 18:19:46.078] - eth_blockNumber
[2021/12/08 18:20:06.089] - eth_blockNumber
[2021/12/08 18:20:26.099] - eth_blockNumber
[2021/12/08 18:20:46.112] - eth_blockNumber
[2021/12/08 18:21:06.127] - eth_blockNumber
[2021/12/08 18:21:26.137] - eth_blockNumber
[2021/12/08 18:21:46.146] - eth_blockNumber
[2021/12/08 18:22:06.156] - eth_blockNumber
[2021/12/08 18:22:26.169] - eth_blockNumber
[2021/12/08 18:22:46.180] - eth_blockNumber
[2021/12/08 18:23:06.194] - eth_blockNumber
[2021/12/08 18:23:26.203] - eth_blockNumber
[2021/12/08 18:23:46.213] - eth_blockNumber
[2021/12/08 18:24:06.225] - eth_blockNumber
[2021/12/08 18:24:26.238] - eth_blockNumber
[2021/12/08 18:24:46.250] - eth_blockNumber
[2021/12/08 18:25:06.263] - eth_blockNumber
[2021/12/08 18:25:26.274] - eth_blockNumber
[2021/12/08 18:25:46.284] - eth_blockNumber
[2021/12/08 18:26:06.295] - eth_blockNumber
[2021/12/08 18:26:26.306] - eth_blockNumber
[2021/12/08 18:26:46.314] - eth_blockNumber
[2021/12/08 18:27:06.325] - eth_blockNumber
[2021/12/08 18:27:26.334] - eth_blockNumber
[2021/12/08 18:27:46.345] - eth_blockNumber
[2021/12/08 18:28:06.356] - eth_blockNumber
[2021/12/08 18:28:26.366] - eth_blockNumber
[2021/12/08 18:28:46.375] - eth_blockNumber
[2021/12/08 18:29:06.387] - eth_blockNumber
[2021/12/08 18:29:26.401] - eth_blockNumber
[2021/12/08 18:29:46.414] - eth_blockNumber
[2021/12/08 18:30:06.426] - eth_blockNumber
[2021/12/08 18:30:26.441] - eth_blockNumber
[2021/12/08 18:30:46.451] - eth_blockNumber
[2021/12/08 18:31:06.463] - eth_blockNumber
[2021/12/08 18:31:26.475] - eth_blockNumber
[2021/12/08 18:31:46.490] - eth_blockNumber
[2021/12/08 18:32:06.504] - eth_blockNumber
[2021/12/08 18:32:26.518] - eth_blockNumber
[2021/12/08 18:32:46.533] - eth_blockNumber
[2021/12/08 18:33:06.543] - eth_blockNumber
[2021/12/08 18:33:26.558] - eth_blockNumber
[2021/12/08 18:33:46.571] - eth_blockNumber
[2021/12/08 18:34:06.582] - eth_blockNumber
[2021/12/08 18:34:26.592] - eth_blockNumber
[2021/12/08 18:34:46.606] - eth_blockNumber
[2021/12/08 18:35:06.620] - eth_blockNumber
[2021/12/08 18:35:26.633] - eth_blockNumber
[2021/12/08 18:35:46.643] - eth_blockNumber
[2021/12/08 18:36:06.655] - eth_blockNumber
[2021/12/08 18:36:26.669] - eth_blockNumber
[2021/12/08 18:36:46.679] - eth_blockNumber
[2021/12/08 18:37:06.692] - eth_blockNumber
[2021/12/08 18:37:26.706] - eth_blockNumber
[2021/12/08 18:37:46.717] - eth_blockNumber
[2021/12/08 18:38:06.732] - eth_blockNumber
[2021/12/08 18:38:26.752] - eth_blockNumber
[2021/12/08 18:38:46.777] - eth_blockNumber
[2021/12/08 18:39:06.792] - eth_blockNumber
[2021/12/08 18:39:26.805] - eth_blockNumber
[2021/12/08 18:39:46.820] - eth_blockNumber
[2021/12/08 18:40:06.828] - eth_blockNumber
[2021/12/08 18:40:26.838] - eth_blockNumber
[2021/12/08 18:40:47.527] - eth_blockNumber
[2021/12/08 18:41:07.699] - eth_blockNumber
[2021/12/08 18:41:27.720] - eth_blockNumber
[2021/12/08 18:57:01.688] - eth_blockNumber
[2021/12/08 18:57:21.704] - eth_blockNumber
[2021/12/08 18:57:41.723] - eth_blockNumber
[2021/12/08 19:00:05.734] - eth_blockNumber
[2021/12/08 19:00:25.756] - eth_blockNumber
[2021/12/08 19:00:45.769] - eth_blockNumber
[2021/12/08 19:01:05.785] - eth_blockNumber
[2021/12/08 19:01:25.803] - eth_blockNumber
[2021/12/08 19:01:45.818] - eth_blockNumber
[2021/12/08 19:02:05.835] - eth_blockNumber
[2021/12/08 19:19:06.069] - eth_blockNumber
[2021/12/08 19:19:26.088] - eth_blockNumber
[2021/12/08 19:19:46.101] - eth_blockNumber
[2021/12/08 19:33:50.687] - eth_blockNumber
[2021/12/08 19:34:10.675] - eth_blockNumber
[2021/12/08 19:34:30.678] - eth_blockNumber
[2021/12/08 19:34:50.684] - eth_blockNumber
[2021/12/08 19:35:10.693] - eth_blockNumber
[2021/12/08 19:35:30.703] - eth_blockNumber
[2021/12/08 19:35:50.711] - eth_blockNumber
[2021/12/08 19:36:10.735] - eth_blockNumber
[2021/12/08 19:36:30.744] - eth_blockNumber
[2021/12/08 19:36:50.756] - eth_blockNumber
[2021/12/08 19:37:10.766] - eth_blockNumber
[2021/12/08 19:37:30.777] - eth_blockNumber
[2021/12/08 19:37:50.786] - eth_blockNumber
[2021/12/08 19:38:10.793] - eth_blockNumber
[2021/12/08 19:38:30.802] - eth_blockNumber
[2021/12/08 19:38:50.818] - eth_blockNumber
[2021/12/08 19:39:10.826] - eth_blockNumber
[2021/12/08 19:39:30.834] - eth_blockNumber
[2021/12/08 19:39:50.848] - eth_blockNumber
[2021/12/08 19:40:10.857] - eth_blockNumber
[2021/12/08 19:40:30.868] - eth_blockNumber
[2021/12/08 19:40:50.878] - eth_blockNumber
[2021/12/08 19:41:10.887] - eth_blockNumber
[2021/12/08 19:41:30.897] - eth_blockNumber
[2021/12/08 19:41:50.905] - eth_blockNumber
[2021/12/08 19:42:10.913] - eth_blockNumber
[2021/12/08 19:42:30.928] - eth_blockNumber
[2021/12/08 19:42:50.942] - eth_blockNumber
[2021/12/08 19:43:10.961] - eth_blockNumber
[2021/12/08 19:43:30.972] - eth_blockNumber
[2021/12/08 19:43:50.999] - eth_blockNumber
[2021/12/08 19:44:11.013] - eth_blockNumber
[2021/12/08 19:44:31.029] - eth_blockNumber
[2021/12/08 19:44:51.043] - eth_blockNumber
[2021/12/08 19:45:11.058] - eth_blockNumber
[2021/12/08 19:45:31.084] - eth_blockNumber
[2021/12/08 19:45:51.102] - eth_blockNumber
[2021/12/08 19:46:11.121] - eth_blockNumber
[2021/12/08 19:46:31.142] - eth_blockNumber
[2021/12/08 19:46:51.158] - eth_blockNumber
[2021/12/08 19:47:11.173] - eth_blockNumber
[2021/12/08 19:47:31.189] - eth_blockNumber
[2021/12/08 19:47:51.215] - eth_blockNumber
[2021/12/08 19:48:11.237] - eth_blockNumber
[2021/12/08 19:48:31.276] - eth_blockNumber
[2021/12/08 19:48:51.284] - eth_blockNumber
[2021/12/08 19:49:11.298] - eth_blockNumber
[2021/12/08 19:49:31.309] - eth_blockNumber
[2021/12/08 19:49:51.321] - eth_blockNumber
[2021/12/08 19:50:11.336] - eth_blockNumber
[2021/12/08 19:50:31.349] - eth_blockNumber
[2021/12/08 19:50:51.362] - eth_blockNumber
[2021/12/08 19:51:11.377] - eth_blockNumber
[2021/12/08 19:51:31.394] - eth_blockNumber
[2021/12/08 19:51:51.405] - eth_blockNumber
[2021/12/08 19:52:11.417] - eth_blockNumber
[2021/12/08 19:52:31.432] - eth_blockNumber
[2021/12/08 19:52:51.449] - eth_blockNumber
[2021/12/08 19:53:11.465] - eth_blockNumber
[2021/12/08 19:53:31.482] - eth_blockNumber
[2021/12/08 19:53:51.499] - eth_blockNumber
[2021/12/08 19:54:11.529] - eth_blockNumber
[2021/12/08 19:54:31.553] - eth_blockNumber
[2021/12/08 19:54:51.568] - eth_blockNumber
[2021/12/08 19:55:11.584] - eth_blockNumber
[2021/12/08 19:55:31.598] - eth_blockNumber
[2021/12/08 19:55:51.611] - eth_blockNumber
[2021/12/08 19:56:11.625] - eth_blockNumber
[2021/12/08 19:56:31.635] - eth_blockNumber
[2021/12/08 19:56:51.648] - eth_blockNumber
[2021/12/08 19:57:11.670] - eth_blockNumber
[2021/12/08 19:57:31.686] - eth_blockNumber
[2021/12/08 19:57:51.696] - eth_blockNumber
[2021/12/08 19:58:11.709] - eth_blockNumber
[2021/12/08 19:58:31.725] - eth_blockNumber
[2021/12/08 19:58:51.737] - eth_blockNumber
[2021/12/08 19:59:11.751] - eth_blockNumber
[2021/12/08 19:59:31.766] - eth_blockNumber
[2021/12/08 19:59:51.779] - eth_blockNumber
[2021/12/08 20:00:11.791] - eth_blockNumber
[2021/12/08 20:00:31.804] - eth_blockNumber
[2021/12/08 20:00:51.816] - eth_blockNumber
[2021/12/08 20:01:11.825] - eth_blockNumber
[2021/12/08 20:01:31.837] - eth_blockNumber
[2021/12/08 20:01:51.851] - eth_blockNumber
[2021/12/08 20:02:11.866] - eth_blockNumber
[2021/12/08 20:02:31.879] - eth_blockNumber
[2021/12/08 20:02:51.895] - eth_blockNumber
[2021/12/08 20:03:11.907] - eth_blockNumber
[2021/12/08 20:03:31.914] - eth_blockNumber
[2021/12/08 20:03:51.927] - eth_blockNumber
[2021/12/08 20:04:11.936] - eth_blockNumber
[2021/12/08 20:04:31.948] - eth_blockNumber
[2021/12/08 20:04:51.961] - eth_blockNumber
[2021/12/08 20:05:11.973] - eth_blockNumber
[2021/12/08 20:05:31.982] - eth_blockNumber
[2021/12/08 20:05:51.997] - eth_blockNumber
[2021/12/08 20:06:12.026] - eth_blockNumber
[2021/12/08 20:06:32.039] - eth_blockNumber
[2021/12/08 20:06:52.065] - eth_blockNumber
[2021/12/08 20:07:12.074] - eth_blockNumber
[2021/12/08 20:07:32.084] - eth_blockNumber
[2021/12/08 20:07:52.114] - eth_blockNumber
[2021/12/08 20:08:12.126] - eth_blockNumber
[2021/12/08 20:08:32.142] - eth_blockNumber
[2021/12/08 20:08:52.173] - eth_blockNumber
[2021/12/08 20:09:12.181] - eth_blockNumber
[2021/12/08 20:09:32.180] - eth_blockNumber
[2021/12/08 20:09:52.191] - eth_blockNumber
[2021/12/08 20:10:12.203] - eth_blockNumber
[2021/12/08 20:10:32.213] - eth_blockNumber
[2021/12/08 20:10:52.231] - eth_blockNumber
[2021/12/08 20:11:12.244] - eth_blockNumber
[2021/12/08 20:11:32.267] - eth_blockNumber
[2021/12/08 20:11:52.284] - eth_blockNumber
[2021/12/08 20:12:12.295] - eth_blockNumber
[2021/12/08 20:12:32.312] - eth_blockNumber
[2021/12/08 20:12:52.328] - eth_blockNumber
[2021/12/08 20:13:12.344] - eth_blockNumber
[2021/12/08 20:13:32.363] - eth_blockNumber
[2021/12/08 20:13:52.379] - eth_blockNumber
[2021/12/08 20:14:12.394] - eth_blockNumber
[2021/12/08 20:14:32.411] - eth_blockNumber
[2021/12/08 20:14:52.431] - eth_blockNumber
[2021/12/08 20:15:12.445] - eth_blockNumber
[2021/12/08 20:15:32.462] - eth_blockNumber
[2021/12/08 20:15:52.478] - eth_blockNumber
[2021/12/08 20:16:12.494] - eth_blockNumber
[2021/12/08 20:16:32.510] - eth_blockNumber
[2021/12/08 20:16:52.526] - eth_blockNumber
[2021/12/08 20:17:12.540] - eth_blockNumber
[2021/12/08 20:17:32.559] - eth_blockNumber
[2021/12/08 20:17:52.576] - eth_blockNumber
[2021/12/08 20:18:12.593] - eth_blockNumber
[2021/12/08 20:18:32.613] - eth_blockNumber
[2021/12/08 20:18:52.630] - eth_blockNumber
[2021/12/08 20:19:12.648] - eth_blockNumber
[2021/12/08 20:19:32.663] - eth_blockNumber
[2021/12/08 20:19:52.681] - eth_blockNumber
[2021/12/08 20:20:12.688] - eth_blockNumber
[2021/12/08 20:20:32.706] - eth_blockNumber
[2021/12/08 20:20:52.721] - eth_blockNumber
[2021/12/08 20:21:12.739] - eth_blockNumber
[2021/12/08 20:21:32.754] - eth_blockNumber
[2021/12/08 20:21:52.774] - eth_blockNumber
[2021/12/08 20:22:12.793] - eth_blockNumber
[2021/12/08 20:22:32.810] - eth_blockNumber
[2021/12/08 20:22:52.830] - eth_blockNumber
[2021/12/08 20:23:12.853] - eth_blockNumber
[2021/12/08 20:23:32.869] - eth_blockNumber
[2021/12/08 20:23:52.905] - eth_blockNumber
[2021/12/08 20:24:12.913] - eth_blockNumber
[2021/12/08 20:24:32.916] - eth_blockNumber
[2021/12/08 20:24:52.930] - eth_blockNumber
[2021/12/08 20:25:12.944] - eth_blockNumber
[2021/12/08 20:25:32.962] - eth_blockNumber
[2021/12/08 20:25:52.979] - eth_blockNumber
[2021/12/08 20:26:12.996] - eth_blockNumber
[2021/12/08 20:26:33.012] - eth_blockNumber
[2021/12/08 20:26:53.028] - eth_blockNumber
[2021/12/08 20:27:13.053] - eth_blockNumber
[2021/12/08 20:27:33.072] - eth_blockNumber
[2021/12/08 20:27:53.090] - eth_blockNumber
[2021/12/08 20:28:13.108] - eth_blockNumber
[2021/12/08 20:28:33.125] - eth_blockNumber
[2021/12/08 20:28:53.139] - eth_blockNumber
[2021/12/08 20:29:13.154] - eth_blockNumber
[2021/12/08 20:29:33.171] - eth_blockNumber
[2021/12/08 20:29:53.193] - eth_blockNumber
[2021/12/08 20:30:13.210] - eth_blockNumber
[2021/12/08 20:30:33.223] - eth_blockNumber
[2021/12/08 20:30:53.238] - eth_blockNumber
[2021/12/08 20:31:13.254] - eth_blockNumber
[2021/12/08 20:31:33.273] - eth_blockNumber
[2021/12/08 20:31:53.288] - eth_blockNumber
[2021/12/08 20:32:13.303] - eth_blockNumber
[2021/12/08 20:32:33.320] - eth_blockNumber
[2021/12/08 20:32:53.335] - eth_blockNumber
[2021/12/08 20:33:13.353] - eth_blockNumber
[2021/12/08 20:33:33.370] - eth_blockNumber
[2021/12/08 20:33:53.386] - eth_blockNumber
[2021/12/08 20:34:13.402] - eth_blockNumber
[2021/12/08 20:34:33.419] - eth_blockNumber
[2021/12/08 20:34:53.434] - eth_blockNumber
[2021/12/08 20:35:13.451] - eth_blockNumber
[2021/12/08 20:35:33.468] - eth_blockNumber
[2021/12/08 20:35:53.483] - eth_blockNumber
[2021/12/08 20:36:13.500] - eth_blockNumber
[2021/12/08 20:36:33.519] - eth_blockNumber
[2021/12/08 20:36:53.531] - eth_blockNumber
[2021/12/08 20:37:13.551] - eth_blockNumber
[2021/12/08 20:37:33.566] - eth_blockNumber
[2021/12/08 20:37:53.581] - eth_blockNumber
[2021/12/08 20:38:13.599] - eth_blockNumber
[2021/12/08 20:38:33.615] - eth_blockNumber
[2021/12/08 20:38:53.629] - eth_blockNumber
[2021/12/08 20:39:13.661] - eth_blockNumber
[2021/12/08 20:39:33.702] - eth_blockNumber
[2021/12/08 20:39:53.723] - eth_blockNumber
[2021/12/08 20:40:13.762] - eth_blockNumber
[2021/12/08 20:40:33.775] - eth_blockNumber
[2021/12/08 20:40:53.797] - eth_blockNumber
[2021/12/08 20:41:13.819] - eth_blockNumber
[2021/12/08 20:41:33.835] - eth_blockNumber
[2021/12/08 20:41:53.856] - eth_blockNumber
[2021/12/08 20:42:13.872] - eth_blockNumber
[2021/12/08 20:42:33.890] - eth_blockNumber
[2021/12/08 20:42:53.915] - eth_blockNumber
[2021/12/08 20:43:13.933] - eth_blockNumber
[2021/12/08 20:43:33.951] - eth_blockNumber
[2021/12/08 20:43:53.968] - eth_blockNumber
[2021/12/08 20:44:13.984] - eth_blockNumber
[2021/12/08 20:44:34.003] - eth_blockNumber
[2021/12/08 20:44:54.014] - eth_blockNumber
[2021/12/08 20:45:14.033] - eth_blockNumber
[2021/12/08 20:45:34.050] - eth_blockNumber
[2021/12/08 20:45:54.064] - eth_blockNumber
[2021/12/08 20:46:14.084] - eth_blockNumber
[2021/12/08 20:46:34.097] - eth_blockNumber
[2021/12/08 20:46:54.114] - eth_blockNumber
[2021/12/08 20:47:14.132] - eth_blockNumber
[2021/12/08 20:47:34.151] - eth_blockNumber
[2021/12/08 20:47:54.163] - eth_blockNumber
[2021/12/08 20:48:14.181] - eth_blockNumber
[2021/12/08 20:48:34.198] - eth_blockNumber
[2021/12/08 20:48:54.214] - eth_blockNumber
[2021/12/08 20:49:14.235] - eth_blockNumber
[2021/12/08 20:49:34.247] - eth_blockNumber
[2021/12/08 20:49:54.262] - eth_blockNumber
[2021/12/08 20:50:14.281] - eth_blockNumber
[2021/12/08 20:50:34.296] - eth_blockNumber
[2021/12/08 20:50:54.312] - eth_blockNumber
[2021/12/08 20:51:14.329] - eth_blockNumber
[2021/12/08 20:51:34.348] - eth_blockNumber
[2021/12/08 20:51:54.362] - eth_blockNumber
[2021/12/08 20:52:14.380] - eth_blockNumber
[2021/12/08 20:52:34.395] - eth_blockNumber
[2021/12/08 20:52:54.410] - eth_blockNumber
[2021/12/08 20:53:14.428] - eth_blockNumber
[2021/12/08 20:53:34.445] - eth_blockNumber
[2021/12/08 20:53:54.460] - eth_blockNumber
[2021/12/08 20:54:14.470] - eth_blockNumber
[2021/12/08 20:54:34.483] - eth_blockNumber
[2021/12/08 20:54:54.506] - eth_blockNumber
[2021/12/08 20:55:14.523] - eth_blockNumber
[2021/12/08 20:55:34.537] - eth_blockNumber
[2021/12/08 20:55:54.554] - eth_blockNumber
[2021/12/08 20:56:14.571] - eth_blockNumber
[2021/12/08 20:56:34.590] - eth_blockNumber
[2021/12/08 20:56:54.605] - eth_blockNumber
[2021/12/08 20:57:14.623] - eth_blockNumber
[2021/12/08 20:57:34.637] - eth_blockNumber
[2021/12/08 20:57:54.656] - eth_blockNumber
[2021/12/08 20:58:14.668] - eth_blockNumber
[2021/12/08 20:58:34.684] - eth_blockNumber
[2021/12/08 20:58:54.706] - eth_blockNumber
[2021/12/08 20:59:14.723] - eth_blockNumber
[2021/12/08 20:59:34.740] - eth_blockNumber
[2021/12/08 20:59:54.750] - eth_blockNumber
[2021/12/08 21:00:14.766] - eth_blockNumber
[2021/12/08 21:00:34.782] - eth_blockNumber
[2021/12/08 21:00:54.801] - eth_blockNumber
[2021/12/08 21:01:14.815] - eth_blockNumber
[2021/12/08 21:01:34.833] - eth_blockNumber
[2021/12/08 21:01:54.850] - eth_blockNumber
[2021/12/08 21:02:14.867] - eth_blockNumber
[2021/12/08 21:02:34.884] - eth_blockNumber
[2021/12/08 21:02:54.907] - eth_blockNumber
[2021/12/08 21:03:14.928] - eth_blockNumber
[2021/12/08 21:03:34.949] - eth_blockNumber
[2021/12/08 21:03:54.963] - eth_blockNumber
[2021/12/08 21:04:14.982] - eth_blockNumber
[2021/12/08 21:04:35.001] - eth_blockNumber
[2021/12/08 21:04:55.020] - eth_blockNumber
[2021/12/08 21:05:15.037] - eth_blockNumber
[2021/12/08 21:05:35.057] - eth_blockNumber
[2021/12/08 21:05:55.070] - eth_blockNumber
[2021/12/08 21:06:15.951] - eth_blockNumber
[2021/12/08 21:06:35.980] - eth_blockNumber
[2021/12/08 21:07:02.087] - eth_blockNumber
[2021/12/08 21:07:22.119] - eth_blockNumber
[2021/12/08 21:07:42.135] - eth_blockNumber
[2021/12/08 21:08:02.149] - eth_blockNumber
[2021/12/08 21:08:22.180] - eth_blockNumber
[2021/12/08 21:08:42.189] - eth_blockNumber
[2021/12/08 21:09:02.201] - eth_blockNumber
[2021/12/08 21:09:22.213] - eth_blockNumber
[2021/12/08 21:09:42.224] - eth_blockNumber
[2021/12/08 21:10:02.245] - eth_blockNumber
[2021/12/08 21:10:22.263] - eth_blockNumber
[2021/12/08 21:10:42.274] - eth_blockNumber
[2021/12/08 21:11:02.285] - eth_blockNumber
[2021/12/08 21:11:22.304] - eth_blockNumber
[2021/12/08 21:11:42.316] - eth_blockNumber
[2021/12/08 21:12:02.329] - eth_blockNumber
[2021/12/08 21:12:22.339] - eth_blockNumber
[2021/12/08 21:12:42.349] - eth_blockNumber
[2021/12/08 21:13:02.367] - eth_blockNumber
[2021/12/08 21:13:22.383] - eth_blockNumber
[2021/12/08 21:13:42.394] - eth_blockNumber
[2021/12/08 21:14:02.410] - eth_blockNumber
[2021/12/08 21:14:22.420] - eth_blockNumber
[2021/12/08 21:14:42.433] - eth_blockNumber
[2021/12/08 21:15:02.446] - eth_blockNumber
[2021/12/08 21:15:22.455] - eth_blockNumber
[2021/12/08 21:15:42.469] - eth_blockNumber
[2021/12/08 21:16:02.482] - eth_blockNumber
[2021/12/08 21:16:22.492] - eth_blockNumber
[2021/12/08 21:16:42.502] - eth_blockNumber
[2021/12/08 21:17:02.513] - eth_blockNumber
[2021/12/08 21:17:22.532] - eth_blockNumber
[2021/12/08 21:17:42.558] - eth_blockNumber
[2021/12/08 21:18:02.577] - eth_blockNumber
[2021/12/08 21:18:22.592] - eth_blockNumber
[2021/12/08 21:18:42.607] - eth_blockNumber
[2021/12/08 21:19:02.620] - eth_blockNumber
[2021/12/08 21:19:22.632] - eth_blockNumber
[2021/12/08 21:19:42.642] - eth_blockNumber
[2021/12/08 21:20:02.652] - eth_blockNumber
[2021/12/08 21:20:22.668] - eth_blockNumber
[2021/12/08 21:20:42.682] - eth_blockNumber
[2021/12/08 21:21:02.696] - eth_blockNumber
[2021/12/08 21:21:22.705] - eth_blockNumber
[2021/12/08 21:21:42.717] - eth_blockNumber
[2021/12/08 21:22:02.732] - eth_blockNumber
[2021/12/08 21:22:22.744] - eth_blockNumber
[2021/12/08 21:22:42.758] - eth_blockNumber
[2021/12/08 21:23:02.768] - eth_blockNumber
[2021/12/08 21:23:22.781] - eth_blockNumber
[2021/12/08 21:23:42.798] - eth_blockNumber
[2021/12/08 21:24:02.810] - eth_blockNumber
[2021/12/08 21:24:22.824] - eth_blockNumber
[2021/12/08 21:24:42.836] - eth_blockNumber
[2021/12/08 21:25:02.851] - eth_blockNumber
[2021/12/08 21:25:22.861] - eth_blockNumber
[2021/12/08 21:25:42.871] - eth_blockNumber
[2021/12/08 21:26:02.884] - eth_blockNumber
[2021/12/08 21:26:22.894] - eth_blockNumber
[2021/12/08 21:26:42.904] - eth_blockNumber
[2021/12/08 21:27:02.916] - eth_blockNumber
[2021/12/08 21:27:22.928] - eth_blockNumber
[2021/12/08 21:27:42.942] - eth_blockNumber
[2021/12/08 21:28:02.959] - eth_blockNumber
[2021/12/08 21:28:22.972] - eth_blockNumber
[2021/12/08 21:28:42.983] - eth_blockNumber
[2021/12/08 21:29:02.997] - eth_blockNumber
[2021/12/08 21:29:23.005] - eth_blockNumber
[2021/12/08 21:29:43.017] - eth_blockNumber
[2021/12/08 21:30:03.031] - eth_blockNumber
[2021/12/08 21:30:23.039] - eth_blockNumber
[2021/12/08 21:30:43.047] - eth_blockNumber
[2021/12/08 21:31:03.083] - eth_blockNumber
[2021/12/08 21:31:23.101] - eth_blockNumber
[2021/12/08 21:31:43.113] - eth_blockNumber
[2021/12/08 21:32:03.123] - eth_blockNumber
[2021/12/08 21:32:23.137] - eth_blockNumber
[2021/12/08 21:32:43.171] - eth_blockNumber
[2021/12/08 21:33:03.191] - eth_blockNumber
[2021/12/08 21:33:23.203] - eth_blockNumber
[2021/12/08 21:33:43.217] - eth_blockNumber
[2021/12/08 21:34:03.227] - eth_blockNumber
[2021/12/08 21:34:23.237] - eth_blockNumber
[2021/12/08 21:34:43.252] - eth_blockNumber
[2021/12/08 21:35:03.267] - eth_blockNumber
[2021/12/08 21:35:23.278] - eth_blockNumber
[2021/12/08 21:35:43.288] - eth_blockNumber
[2021/12/08 21:36:03.302] - eth_blockNumber
[2021/12/08 21:36:23.315] - eth_blockNumber
[2021/12/08 21:36:43.324] - eth_blockNumber
[2021/12/08 21:37:03.335] - eth_blockNumber
[2021/12/08 21:37:23.351] - eth_blockNumber
[2021/12/08 21:37:43.362] - eth_blockNumber
[2021/12/08 21:38:03.372] - eth_blockNumber
[2021/12/08 21:38:23.386] - eth_blockNumber
[2021/12/08 21:38:43.397] - eth_blockNumber
[2021/12/08 21:39:03.410] - eth_blockNumber
[2021/12/08 21:39:23.423] - eth_blockNumber
[2021/12/08 21:39:43.434] - eth_blockNumber
[2021/12/08 21:40:03.443] - eth_blockNumber
[2021/12/08 21:40:23.455] - eth_blockNumber
[2021/12/08 21:40:43.466] - eth_blockNumber
[2021/12/08 21:41:03.475] - eth_blockNumber
[2021/12/08 21:41:23.484] - eth_blockNumber
[2021/12/08 21:41:43.492] - eth_blockNumber
[2021/12/08 21:42:03.509] - eth_blockNumber
[2021/12/08 21:42:23.524] - eth_blockNumber
[2021/12/08 21:42:43.541] - eth_blockNumber
[2021/12/08 21:43:03.550] - eth_blockNumber
[2021/12/08 21:43:23.566] - eth_blockNumber
[2021/12/08 21:43:43.584] - eth_blockNumber
[2021/12/08 21:44:03.599] - eth_blockNumber
[2021/12/08 21:44:23.616] - eth_blockNumber
[2021/12/08 21:44:43.633] - eth_blockNumber
[2021/12/08 21:45:03.642] - eth_blockNumber
[2021/12/08 21:45:23.658] - eth_blockNumber
[2021/12/08 21:45:43.673] - eth_blockNumber
[2021/12/08 21:46:03.685] - eth_blockNumber
[2021/12/08 21:46:23.700] - eth_blockNumber
[2021/12/08 21:46:43.714] - eth_blockNumber
[2021/12/08 21:47:03.726] - eth_blockNumber
[2021/12/08 21:47:23.741] - eth_blockNumber
[2021/12/08 21:47:43.753] - eth_blockNumber
[2021/12/08 21:48:03.762] - eth_blockNumber
[2021/12/08 21:48:23.774] - eth_blockNumber
[2021/12/08 21:48:43.788] - eth_blockNumber
[2021/12/08 21:49:03.800] - eth_blockNumber
[2021/12/08 21:49:23.814] - eth_blockNumber
[2021/12/08 21:49:43.827] - eth_blockNumber
[2021/12/08 21:50:03.847] - eth_blockNumber
[2021/12/08 21:50:23.861] - eth_blockNumber
[2021/12/08 21:50:43.878] - eth_blockNumber
[2021/12/08 21:51:03.894] - eth_blockNumber
[2021/12/08 21:51:23.912] - eth_blockNumber
[2021/12/08 21:51:43.929] - eth_blockNumber
[2021/12/08 21:52:03.944] - eth_blockNumber
[2021/12/08 21:52:23.960] - eth_blockNumber
[2021/12/08 21:52:43.978] - eth_blockNumber
[2021/12/08 21:53:03.990] - eth_blockNumber
[2021/12/08 21:53:24.002] - eth_blockNumber
[2021/12/08 21:53:44.010] - eth_blockNumber
[2021/12/08 21:54:04.020] - eth_blockNumber
[2021/12/08 21:54:24.031] - eth_blockNumber
[2021/12/08 21:54:44.045] - eth_blockNumber
[2021/12/08 21:55:04.054] - eth_blockNumber
[2021/12/08 21:55:24.068] - eth_blockNumber
[2021/12/08 21:55:44.083] - eth_blockNumber
[2021/12/08 21:56:04.093] - eth_blockNumber
[2021/12/08 21:56:24.104] - eth_blockNumber
[2021/12/08 21:56:44.119] - eth_blockNumber
[2021/12/08 21:57:04.137] - eth_blockNumber
[2021/12/08 21:57:24.172] - eth_blockNumber
[2021/12/08 21:57:44.184] - eth_blockNumber
[2021/12/08 21:58:04.199] - eth_blockNumber
[2021/12/08 21:58:11.655] - eth_unsubscribe
[2021/12/08 21:58:11.663] - eth_unsubscribe
